

> @mall/web-mall@0.1.0 build /home/rocky/dev/setup/apps/web-mall
> next build

[33m[1m⚠[22m[39m Warning: Next.js inferred your workspace root, but it may not be correct.
 We detected multiple lockfiles and selected the directory of /home/rocky/dev/setup/pnpm-lock.yaml as the root directory.
 To silence this warning, set `turbopack.root` in your Next.js config, or consider removing one of the lockfiles if it's not needed.
   See https://nextjs.org/docs/app/api-reference/config/next-config-js/turbopack#root-directory for more information.
 Detected additional lockfiles: 
   * /home/rocky/dev/setup/apps/web-mall/package-lock.json

[1m[38;2;173;127;168m▲ Next.js 16.1.7[39m[22m (Turbopack)

[37m[1m [22m[39m Creating an optimized production build ...

> Build error occurred
Error: Turbopack build failed with 1 errors:
./apps/web-mall/components/ui/FloatingCart.tsx:4:10
Ecmascript file had an error
[0m [90m 2 |[39m [36mimport[39m { [33mButton[39m } [36mfrom[39m [32m"@mall/ui"[39m[33m;[39m
 [90m 3 |[39m [36mimport[39m { useCartStore } [36mfrom[39m [32m"@/lib/store"[39m[33m;[39m
[31m[1m>[22m[39m[90m 4 |[39m [36mimport[39m { useEffect } [36mfrom[39m [32m"react"[39m[33m;[39m
 [90m   |[39m          [31m[1m^[22m[39m[31m[1m^[22m[39m[31m[1m^[22m[39m[31m[1m^[22m[39m[31m[1m^[22m[39m[31m[1m^[22m[39m[31m[1m^[22m[39m[31m[1m^[22m[39m[31m[1m^[22m[39m
 [90m 5 |[39m
 [90m 6 |[39m [36mexport[39m [36mfunction[39m [33mFloatingCart[39m() {
 [90m 7 |[39m   [36mconst[39m { items[33m,[39m fetchCart } [33m=[39m useCartStore()[33m;[39m[0m

You're importing a component that needs `useEffect`. This React Hook only works in a Client Component. To fix, mark the file (or its parent) with the `"use client"` directive.

 Learn more: https://nextjs.org/docs/app/api-reference/directives/use-client



Import trace:
  Server Component:
    ./apps/web-mall/components/ui/FloatingCart.tsx
    ./apps/web-mall/app/layout.tsx


    at <unknown> (./apps/web-mall/components/ui/FloatingCart.tsx:4:10)
[41m[30m ELIFECYCLE [39m[49m [31mCommand failed with exit code 1.[39m
